<document>
    <page>
        <table layout="20 80" padding="10">
            <row fontSize="18">
                <text>c</text>
                <table layout="20 80">
                    <row>
                        <text>a</text>
                        <text>b</text>
                    </row>
                </table>
            </row>
            <row>
                <text>c</text>
                <table fontSize="18" width="75%" colorFill="red">
                    <row>
                        <text colorFill="blue" >a</text>
                        <text>b</text>
                    </row>
                </table>
            </row>
            <row>
                <text>c</text>
                <table fontSize="18" width="75%" colorFill="red">
                    <row>
                        <text>a</text>
                        <text>b</text>
                    </row>
                </table>
            </row>
        </table>
    </page>
</document>