<document>
    <page>
        <table>
            <row>
                <table fontSize="18" width="75%" backgroundColor="red">
                    <row>
                        <table>
                            <row>
                                <text>a</text>
                                <text>b</text>
                            </row>
                        </table>
                        <text>c</text>
                    </row>
                </table>
                <text fontColor="blue">
                    this is a lot of text this is a lot of text this is a lot of text this is a lot of text this is a lot of text this is a lot of text this is a lot of text this is a lot of text this is a lot of text this is a lot of text this is a lot of text this is a lot of text this is a lot of text this is a lot of text
                </text>
                <table>
                    <row>
                        <text>a</text>
                        <table>
                            <row>
                                <text>b</text>
                                <text>c</text>
                            </row>
                        </table>
                    </row>
                </table>
            </row>
            <row>
                <table>
                    <row>
                        <text>a</text>
                        <table>
                            <row>
                                <text>b</text>
                                <text>c</text>
                            </row>
                        </table>
                    </row>
                </table>
                <text>
                    this is a lot of text this is a lot of text this is a lot of text this is a lot of text this is a lot of text this is a lot of text this is a lot of text this is a lot of text this is a lot of text this is a lot of text this is a lot of text this is a lot of text this is a lot of text this is a lot of text
                </text>
                <text>
                    this is a lot of text this is a lot of text this is a lot of text this is a lot of text this is a lot of text this is a lot of text this is a lot of text this is a lot of text this is a lot of text this is a lot of text this is a lot of text this is a lot of text this is a lot of text this is a lot of text
                </text>
            </row>
        </table>
    </page>
    <page>
        <table>
            <row>
                <table fontSize="18" width="75%" backgroundColor="red">
                    <row>
                        <table>
                            <row>
                                <text>a</text>
                                <text>b</text>
                            </row>
                        </table>
                        <text>c</text>
                    </row>
                </table>
                <text fontColor="blue">
                    this is a lot of text this is a lot of text this is a lot of text this is a lot of text this is a lot of text this is a lot of text this is a lot of text this is a lot of text this is a lot of text this is a lot of text this is a lot of text this is a lot of text this is a lot of text this is a lot of text
                </text>
                <table>
                    <row>
                        <text>a</text>
                        <table>
                            <row>
                                <text>b</text>
                                <text>c</text>
                            </row>
                        </table>
                    </row>
                </table>
            </row>
            <row>
                <table>
                    <row>
                        <text>a</text>
                        <table>
                            <row>
                                <text>b</text>
                                <text>c</text>
                            </row>
                        </table>
                    </row>
                </table>
                <text>
                    this is a lot of text this is a lot of text this is a lot of text this is a lot of text this is a lot of text this is a lot of text this is a lot of text this is a lot of text this is a lot of text this is a lot of text this is a lot of text this is a lot of text this is a lot of text this is a lot of text
                </text>
            </row>
        </table>
    </page>
</document>