<document margin="0">
    <page margin="0">
        <table fontStyle="bold">
            <row>

                <text fontColor="blue" bookmark="colspan" colspan="3">
                    <f fontStyle="underline">this is a lot of text this is a lot of text this is a lot of text this is a lot of text this is a lot of text this is a lot of text this is a lot of text this is a lot of text this is a <f fontSize="26">lot</f> of text this is a lot of text this is a lot of text this is a lot of text this is a lot of text</f>
                </text>

            </row>
        </table>
    </page>
</document>