<document>
    <page>
        <table layout="20 80" padding="10">
            <row >
                <text>c</text>
                <table layout="20 80">
                    <row>
                        <text>a</text>
                        <text>b</text>
                    </row>
                </table>
            </row>
            <row>
                <text fontName="Courier" fontSize="26" fontStyle="bold" fontColor="green">c</text>
                <table fontSize="18" width="75%" backgroundColor="red">
                    <row>
                        <text backgroundColor="blue" >a</text>
                        <text>b</text>
                    </row>
                </table>
            </row>
            <row>
                <text>c</text>
                <table fontSize="18" width="75%" backgroundColor="red">
                    <row>
                        <text>a</text>
                        <text>b</text>
                    </row>
                </table>
            </row>
        </table>
    </page>
</document>